[25/Nov/2011:08:20:08] ENGINE Listening for SIGHUP.
[25/Nov/2011:08:20:08] ENGINE Listening for SIGTERM.
[25/Nov/2011:08:20:08] ENGINE Listening for SIGUSR1.
[25/Nov/2011:08:20:08] ENGINE Bus STARTING
[25/Nov/2011:08:20:08] ENGINE Started monitor thread '_TimeoutMonitor'.
[25/Nov/2011:08:20:13] ENGINE Error in 'start' listener <bound method Server.start of <cherrypy._cpserver.Server object at 0x10a9d03d0>>
Traceback (most recent call last):
  File "/Library/Python/2.7/site-packages/CherryPy-3.2.2-py2.7.egg/cherrypy/process/wspbus.py", line 197, in publish
    output.append(listener(*args, **kwargs))
  File "/Library/Python/2.7/site-packages/CherryPy-3.2.2-py2.7.egg/cherrypy/_cpserver.py", line 151, in start
    ServerAdapter.start(self)
  File "/Library/Python/2.7/site-packages/CherryPy-3.2.2-py2.7.egg/cherrypy/process/servers.py", line 167, in start
    wait_for_free_port(*self.bind_addr)
  File "/Library/Python/2.7/site-packages/CherryPy-3.2.2-py2.7.egg/cherrypy/process/servers.py", line 410, in wait_for_free_port
    raise IOError("Port %r not free on %r" % (port, host))
IOError: Port 7654 not free on '0.0.0.0'

[25/Nov/2011:08:20:13] ENGINE Shutting down due to error in start listener:
Traceback (most recent call last):
  File "/Library/Python/2.7/site-packages/CherryPy-3.2.2-py2.7.egg/cherrypy/process/wspbus.py", line 235, in start
    self.publish('start')
  File "/Library/Python/2.7/site-packages/CherryPy-3.2.2-py2.7.egg/cherrypy/process/wspbus.py", line 215, in publish
    raise exc
ChannelFailures: IOError("Port 7654 not free on '0.0.0.0'",)

[25/Nov/2011:08:20:13] ENGINE Bus STOPPING
[25/Nov/2011:08:20:13] ENGINE HTTP Server cherrypy._cpwsgi_server.CPWSGIServer(('0.0.0.0', 7654)) already shut down
[25/Nov/2011:08:20:13] ENGINE Stopped thread '_TimeoutMonitor'.
[25/Nov/2011:08:20:13] ENGINE Bus STOPPED
[25/Nov/2011:08:20:13] ENGINE Bus EXITING
[25/Nov/2011:08:20:13] ENGINE Bus EXITED
[25/Nov/2011:08:20:25] ENGINE Listening for SIGHUP.
[25/Nov/2011:08:20:25] ENGINE Listening for SIGTERM.
[25/Nov/2011:08:20:25] ENGINE Listening for SIGUSR1.
[25/Nov/2011:08:20:25] ENGINE Bus STARTING
[25/Nov/2011:08:20:25] ENGINE Started monitor thread '_TimeoutMonitor'.
[25/Nov/2011:08:20:26] ENGINE Serving on 0.0.0.0:7654
[25/Nov/2011:08:20:26] ENGINE Bus STARTED
